<?xml version="1.0" encoding="UTF-8"?>
<!-- Generated by org.testng.reporters.JUnitXMLReporter -->
<testsuite hostname="ASC1514-bl-pc" ignored="0" name="Default test" tests="2" failures="0" timestamp="03 Sep 2019 02:42:42 GMT" time="62.431" errors="0">
  <testcase name="TestSendEmail" time="24.994" classname="com.chrisMensing.seleniumFramework.SendEmail"/>
  <testcase name="TestSendEmail" time="36.54" classname="com.chrisMensing.seleniumFramework.SendEmail"/>
</testsuite> <!-- Default test -->
