<?xml version="1.0" encoding="UTF-8"?>
<!-- Generated by org.testng.reporters.JUnitXMLReporter -->
<testsuite hostname="DESKTOP-CGUB1Q1" ignored="0" name="Default test" tests="1" failures="1" timestamp="2019-09-11T01:07:44 EDT" time="0.536" errors="0">
  <testcase name="FileteredSearch" time="0.513" classname="com.ChrisMensing.AmazonSeleniumFramework.VerifyFilteredSearches">
    <failure type="org.testng.internal.reflect.MethodMatcherException" message="
[public void com.ChrisMensing.AmazonSeleniumFramework.VerifyFilteredSearches.FileteredSearch(java.lang.String,java.lang.String,java.lang.String,java.lang.String,java.lang.String,java.lang.String,java.lang.Boolean,java.lang.String,java.lang.String,java.lang.Boolean,java.lang.String,java.lang.String,java.lang.String)] has no parameters defined but was found to be using a data provider (either explicitly specified or inherited from class level annotation).
Data provider mismatch
Method: FileteredSearch([Parameter{index=0, type=java.lang.String, declaredAnnotations=[]}, Parameter{index=1, type=java.lang.String, declaredAnnotations=[]}, Parameter{index=2, type=java.lang.String, declaredAnnotations=[]}, Parameter{index=3, type=java.lang.String, declaredAnnotations=[]}, Parameter{index=4, type=java.lang.String, declaredAnnotations=[]}, Parameter{index=5, type=java.lang.String, declaredAnnotations=[]}, Parameter{index=6, type=java.lang.Boolean, declaredAnnotations=[]}, Parameter{index=7, type=java.lang.String, declaredAnnotations=[]}, Parameter{index=8, type=java.lang.String, declaredAnnotations=[]}, Parameter{index=9, type=java.lang.Boolean, declaredAnnotations=[]}, Parameter{index=10, type=java.lang.String, declaredAnnotations=[]}, Parameter{index=11, type=java.lang.String, declaredAnnotations=[]}, Parameter{index=12, type=java.lang.String, declaredAnnotations=[]}])
Arguments: [(java.lang.String) Verify The book Master Selenium does not retrun result when Prime Eligible,(java.lang.String) Chrome,(org.apache.poi.xssf.usermodel.XSSFCell) ,(java.lang.String) Master Selenium WebDriver Book,(java.lang.String) Kindle Store,(java.lang.String) None,(java.lang.Boolean) true,(java.lang.String) 3 Star,(java.lang.String) Paperback,(java.lang.Boolean) false,(java.lang.String) Master Selenium WebDriver Book,(java.lang.String) img[alt=&amp;apos;Master Selenium WebDriver programming fundamentals in Java: Also covers Basic Java programming, Eclipse,JUnit, Ant and Maven&amp;apos;],(java.lang.String) css]">
      <![CDATA[org.testng.internal.reflect.MethodMatcherException: 
[public void com.ChrisMensing.AmazonSeleniumFramework.VerifyFilteredSearches.FileteredSearch(java.lang.String,java.lang.String,java.lang.String,java.lang.String,java.lang.String,java.lang.String,java.lang.Boolean,java.lang.String,java.lang.String,java.lang.Boolean,java.lang.String,java.lang.String,java.lang.String)] has no parameters defined but was found to be using a data provider (either explicitly specified or inherited from class level annotation).
Data provider mismatch
Method: FileteredSearch([Parameter{index=0, type=java.lang.String, declaredAnnotations=[]}, Parameter{index=1, type=java.lang.String, declaredAnnotations=[]}, Parameter{index=2, type=java.lang.String, declaredAnnotations=[]}, Parameter{index=3, type=java.lang.String, declaredAnnotations=[]}, Parameter{index=4, type=java.lang.String, declaredAnnotations=[]}, Parameter{index=5, type=java.lang.String, declaredAnnotations=[]}, Parameter{index=6, type=java.lang.Boolean, declaredAnnotations=[]}, Parameter{index=7, type=java.lang.String, declaredAnnotations=[]}, Parameter{index=8, type=java.lang.String, declaredAnnotations=[]}, Parameter{index=9, type=java.lang.Boolean, declaredAnnotations=[]}, Parameter{index=10, type=java.lang.String, declaredAnnotations=[]}, Parameter{index=11, type=java.lang.String, declaredAnnotations=[]}, Parameter{index=12, type=java.lang.String, declaredAnnotations=[]}])
Arguments: [(java.lang.String) Verify The book Master Selenium does not retrun result when Prime Eligible,(java.lang.String) Chrome,(org.apache.poi.xssf.usermodel.XSSFCell) ,(java.lang.String) Master Selenium WebDriver Book,(java.lang.String) Kindle Store,(java.lang.String) None,(java.lang.Boolean) true,(java.lang.String) 3 Star,(java.lang.String) Paperback,(java.lang.Boolean) false,(java.lang.String) Master Selenium WebDriver Book,(java.lang.String) img[alt='Master Selenium WebDriver programming fundamentals in Java: Also covers Basic Java programming, Eclipse,JUnit, Ant and Maven'],(java.lang.String) css]
at org.testng.internal.reflect.DataProviderMethodMatcher.getConformingArguments(DataProviderMethodMatcher.java:43)
at org.testng.internal.Parameters.injectParameters(Parameters.java:925)
at org.testng.internal.MethodRunner.runInParallel(MethodRunner.java:104)
at org.testng.internal.TestInvoker$MethodInvocationAgent.invoke(TestInvoker.java:799)
at org.testng.internal.TestInvoker.invokeTestMethods(TestInvoker.java:145)
at org.testng.internal.TestMethodWorker.invokeTestMethods(TestMethodWorker.java:146)
at org.testng.internal.TestMethodWorker.run(TestMethodWorker.java:128)
at java.util.ArrayList.forEach(ArrayList.java:1249)
at org.testng.TestRunner.privateRun(TestRunner.java:770)
at org.testng.TestRunner.run(TestRunner.java:591)
at org.testng.SuiteRunner.runTest(SuiteRunner.java:402)
at org.testng.SuiteRunner.runSequentially(SuiteRunner.java:396)
at org.testng.SuiteRunner.privateRun(SuiteRunner.java:355)
at org.testng.SuiteRunner.run(SuiteRunner.java:304)
at org.testng.SuiteRunnerWorker.runSuite(SuiteRunnerWorker.java:53)
at org.testng.SuiteRunnerWorker.run(SuiteRunnerWorker.java:96)
at org.testng.TestNG.runSuitesSequentially(TestNG.java:1180)
at org.testng.TestNG.runSuitesLocally(TestNG.java:1102)
at org.testng.TestNG.runSuites(TestNG.java:1032)
at org.testng.TestNG.run(TestNG.java:1000)
at org.testng.remote.AbstractRemoteTestNG.run(AbstractRemoteTestNG.java:115)
at org.testng.remote.RemoteTestNG.initAndRun(RemoteTestNG.java:251)
at org.testng.remote.RemoteTestNG.main(RemoteTestNG.java:77)
]]>
    </failure>
  </testcase> <!-- FileteredSearch -->
</testsuite> <!-- Default test -->
