<?xml version="1.0" encoding="UTF-8"?>
<testng-results skipped="0" failed="0" ignored="0" total="1" passed="1">
  <reporter-output>
  </reporter-output>
  <suite name="Default suite" duration-ms="20875" started-at="2019-09-03T13:59:41Z" finished-at="2019-09-03T14:00:02Z">
    <groups>
    </groups>
    <test name="Default test" duration-ms="20875" started-at="2019-09-03T13:59:41Z" finished-at="2019-09-03T14:00:02Z">
      <class name="com.Amazon.test.homePageTest">
        <test-method status="PASS" signature="AutomateAmazonLogin()[pri:0, instance:com.Amazon.test.homePageTest@3abbfa04]" name="AutomateAmazonLogin" duration-ms="20819" started-at="2019-09-03T13:59:41Z" finished-at="2019-09-03T14:00:02Z">
          <reporter-output>
          </reporter-output>
        </test-method> <!-- AutomateAmazonLogin -->
      </class> <!-- com.Amazon.test.homePageTest -->
    </test> <!-- Default test -->
  </suite> <!-- Default suite -->
</testng-results>
